# JRE version: OpenJDK Runtime Environment (11.0.15+10) (build 11.0.15+10-Ubuntu-0ubuntu0.20.04.1)
# Java VM: OpenJDK 64-Bit Server VM (11.0.15+10-Ubuntu-0ubuntu0.20.04.1, mixed mode, sharing, tiered, compressed oops, g1 gc, linux-amd64)
Heap:
 garbage-first heap   total 192512K, used 124438K [0x00000000a5200000, 0x0000000100000000)
  region size 1024K, 2 young (2048K), 1 survivors (1024K)
 Metaspace       used 65388K, capacity 67226K, committed 67532K, reserved 1107968K
  class space    used 8362K, capacity 9102K, committed 9216K, reserved 1048576K
GC Heap History (20 events):
Event: 22,179 GC heap before
{Heap before GC invocations=21 (full 0):
 garbage-first heap   total 139264K, used 110198K [0x00000000a5200000, 0x0000000100000000)
  region size 1024K, 15 young (15360K), 3 survivors (3072K)
 Metaspace       used 63166K, capacity 64940K, committed 65356K, reserved 1105920K
  class space    used 8041K, capacity 8745K, committed 8832K, reserved 1048576K
}
Event: 22,190 GC heap after
{Heap after GC invocations=22 (full 0):
 garbage-first heap   total 139264K, used 86873K [0x00000000a5200000, 0x0000000100000000)
  region size 1024K, 3 young (3072K), 3 survivors (3072K)
 Metaspace       used 63166K, capacity 64940K, committed 65356K, reserved 1105920K
  class space    used 8041K, capacity 8745K, committed 8832K, reserved 1048576K
}
Event: 23,330 GC heap before
{Heap before GC invocations=23 (full 0):
 garbage-first heap   total 139264K, used 118617K [0x00000000a5200000, 0x0000000100000000)
  region size 1024K, 20 young (20480K), 3 survivors (3072K)
 Metaspace       used 63592K, capacity 65391K, committed 65612K, reserved 1105920K
  class space    used 8081K, capacity 8810K, committed 8832K, reserved 1048576K
}
Event: 23,333 GC heap after
{Heap after GC invocations=24 (full 0):
 garbage-first heap   total 139264K, used 99664K [0x00000000a5200000, 0x0000000100000000)
  region size 1024K, 1 young (1024K), 1 survivors (1024K)
 Metaspace       used 63592K, capacity 65391K, committed 65612K, reserved 1105920K
  class space    used 8081K, capacity 8810K, committed 8832K, reserved 1048576K
}
Event: 23,596 GC heap before
{Heap before GC invocations=24 (full 0):
 garbage-first heap   total 139264K, used 109904K [0x00000000a5200000, 0x0000000100000000)
  region size 1024K, 12 young (12288K), 1 survivors (1024K)
 Metaspace       used 63592K, capacity 65391K, committed 65612K, reserved 1105920K
  class space    used 8081K, capacity 8810K, committed 8832K, reserved 1048576K
}
Event: 23,599 GC heap after
{Heap after GC invocations=25 (full 0):
 garbage-first heap   total 139264K, used 99639K [0x00000000a5200000, 0x0000000100000000)
  region size 1024K, 1 young (1024K), 1 survivors (1024K)
 Metaspace       used 63592K, capacity 65391K, committed 65612K, reserved 1105920K
  class space    used 8081K, capacity 8810K, committed 8832K, reserved 1048576K
}
Event: 23,845 GC heap before
{Heap before GC invocations=26 (full 0):
 garbage-first heap   total 139264K, used 90423K [0x00000000a5200000, 0x0000000100000000)
  region size 1024K, 13 young (13312K), 1 survivors (1024K)
 Metaspace       used 63592K, capacity 65391K, committed 65612K, reserved 1105920K
  class space    used 8081K, capacity 8810K, committed 8832K, reserved 1048576K
}
Event: 23,847 GC heap after
{Heap after GC invocations=27 (full 0):
 garbage-first heap   total 139264K, used 79155K [0x00000000a5200000, 0x0000000100000000)
  region size 1024K, 1 young (1024K), 1 survivors (1024K)
 Metaspace       used 63592K, capacity 65391K, committed 65612K, reserved 1105920K
  class space    used 8081K, capacity 8810K, committed 8832K, reserved 1048576K
}
Event: 24,312 GC heap before
{Heap before GC invocations=27 (full 0):
 garbage-first heap   total 139264K, used 106803K [0x00000000a5200000, 0x0000000100000000)
  region size 1024K, 29 young (29696K), 1 survivors (1024K)
 Metaspace       used 63594K, capacity 65391K, committed 65612K, reserved 1105920K
  class space    used 8081K, capacity 8810K, committed 8832K, reserved 1048576K
}
Event: 24,315 GC heap after
{Heap after GC invocations=28 (full 0):
 garbage-first heap   total 139264K, used 79168K [0x00000000a5200000, 0x0000000100000000)
  region size 1024K, 1 young (1024K), 1 survivors (1024K)
 Metaspace       used 63594K, capacity 65391K, committed 65612K, reserved 1105920K
  class space    used 8081K, capacity 8810K, committed 8832K, reserved 1048576K
}
Event: 24,478 GC heap before
{Heap before GC invocations=29 (full 0):
 garbage-first heap   total 139264K, used 83264K [0x00000000a5200000, 0x0000000100000000)
  region size 1024K, 6 young (6144K), 1 survivors (1024K)
 Metaspace       used 63806K, capacity 65615K, committed 65996K, reserved 1105920K
  class space    used 8106K, capacity 8842K, committed 8960K, reserved 1048576K
}
Event: 24,481 GC heap after
{Heap after GC invocations=30 (full 0):
 garbage-first heap   total 139264K, used 79080K [0x00000000a5200000, 0x0000000100000000)
  region size 1024K, 1 young (1024K), 1 survivors (1024K)
 Metaspace       used 63806K, capacity 65615K, committed 65996K, reserved 1105920K
  class space    used 8106K, capacity 8842K, committed 8960K, reserved 1048576K
}
Event: 24,746 GC heap before
{Heap before GC invocations=31 (full 0):
 garbage-first heap   total 165888K, used 102632K [0x00000000a5200000, 0x0000000100000000)
  region size 1024K, 32 young (32768K), 1 survivors (1024K)
 Metaspace       used 64032K, capacity 65775K, committed 65996K, reserved 1105920K
  class space    used 8156K, capacity 8874K, committed 8960K, reserved 1048576K
}
Event: 24,749 GC heap after
{Heap after GC invocations=32 (full 0):
 garbage-first heap   total 165888K, used 71017K [0x00000000a5200000, 0x0000000100000000)
  region size 1024K, 1 young (1024K), 1 survivors (1024K)
 Metaspace       used 64032K, capacity 65775K, committed 65996K, reserved 1105920K
  class space    used 8156K, capacity 8874K, committed 8960K, reserved 1048576K
}
Event: 25,105 GC heap before
{Heap before GC invocations=32 (full 0):
 garbage-first heap   total 165888K, used 128361K [0x00000000a5200000, 0x0000000100000000)
  region size 1024K, 58 young (59392K), 1 survivors (1024K)
 Metaspace       used 64051K, capacity 65839K, committed 66252K, reserved 1105920K
  class space    used 8156K, capacity 8874K, committed 8960K, reserved 1048576K
}
Event: 25,107 GC heap after
{Heap after GC invocations=33 (full 0):
 garbage-first heap   total 165888K, used 70998K [0x00000000a5200000, 0x0000000100000000)
  region size 1024K, 1 young (1024K), 1 survivors (1024K)
 Metaspace       used 64051K, capacity 65839K, committed 66252K, reserved 1105920K
  class space    used 8156K, capacity 8874K, committed 8960K, reserved 1048576K
}
Event: 25,418 GC heap before
{Heap before GC invocations=33 (full 0):
 garbage-first heap   total 165888K, used 108886K [0x00000000a5200000, 0x0000000100000000)
  region size 1024K, 40 young (40960K), 1 survivors (1024K)
 Metaspace       used 65161K, capacity 66958K, committed 67148K, reserved 1107968K
  class space    used 8345K, capacity 9079K, committed 9088K, reserved 1048576K
}
Event: 25,422 GC heap after
{Heap after GC invocations=34 (full 0):
 garbage-first heap   total 165888K, used 44506K [0x00000000a5200000, 0x0000000100000000)
  region size 1024K, 1 young (1024K), 1 survivors (1024K)
 Metaspace       used 65161K, capacity 66958K, committed 67148K, reserved 1107968K
  class space    used 8345K, capacity 9079K, committed 9088K, reserved 1048576K
}
Event: 25,606 GC heap before
{Heap before GC invocations=35 (full 0):
 garbage-first heap   total 165888K, used 74202K [0x00000000a5200000, 0x0000000100000000)
  region size 1024K, 5 young (5120K), 1 survivors (1024K)
 Metaspace       used 65385K, capacity 67226K, committed 67532K, reserved 1107968K
  class space    used 8361K, capacity 9102K, committed 9216K, reserved 1048576K
}
Event: 25,609 GC heap after
{Heap after GC invocations=36 (full 0):
 garbage-first heap   total 165888K, used 71190K [0x00000000a5200000, 0x0000000100000000)
  region size 1024K, 1 young (1024K), 1 survivors (1024K)
 Metaspace       used 65385K, capacity 67226K, committed 67532K, reserved 1107968K
  class space    used 8361K, capacity 9102K, committed 9216K, reserved 1048576K
}

